[1] [2025-11-17_16-01-56_231] [ERROR] [main.java.utils.DbSetup.borrarTabla]: No se pudo borrar la tabla clientes
[2] [2025-11-17_16-01-56_243] [ERROR] [main.java.utils.DbSetup.borrarTablaMigrada]: No se pudo borrar la tabla clientesMigra
[3] [2025-11-17_16-01-56_249] [ERROR] [main.java.utils.DbSetup.borrarTabla]: No se pudo borrar la tabla productos
[4] [2025-11-17_16-01-56_255] [ERROR] [main.java.utils.DbSetup.borrarTablaMigrada]: No se pudo borrar la tabla productosMigra
[5] [2025-11-17_16-01-56_261] [ERROR] [main.java.utils.DbSetup.borrarTabla]: No se pudo borrar la tabla pedidos
[6] [2025-11-17_16-01-56_266] [ERROR] [main.java.utils.DbSetup.borrarTablaMigrada]: No se pudo borrar la tabla pedidosMigra
[7] [2025-11-17_16-01-56_303] [INFO] [main.java.utils.DbSetup.crearTablaClientes]: Tabla clientes creada correctamente
[8] [2025-11-17_16-01-56_344] [INFO] [main.java.utils.DbSetup.crearTablaClientesMigrada]: Tabla clientesMigra creada correctamente
[9] [2025-11-17_16-01-56_369] [INFO] [main.java.utils.DbSetup.crearTablaProductos]: Tabla productos creada correctamente
[10] [2025-11-17_16-01-56_393] [INFO] [main.java.utils.DbSetup.crearTablaProductosMigrada]: Tabla productosMigra creada correctamente
[11] [2025-11-17_16-01-56_425] [INFO] [main.java.utils.DbSetup.crearTablaPedidos]: Tabla pedidos creada correctamente
[12] [2025-11-17_16-01-56_472] [INFO] [main.java.utils.DbSetup.crearTablaPedidosMigrada]: Tabla pedidosMigra creada correctamente
[13] [2025-11-17_16-01-56_524] [INFO] [main.java.v1.Main_v1.main]: Clientes cargados en prac2. Ejemplo: 
[3] nombre3 apellido1.3 apellido2.3
 DNI: 5100003 - Tlf: 1000003
 Activo: true - FechaRegistro: 2025-11-17
[14] [2025-11-17_16-01-56_537] [TRACE] [main.java.v1.Main_v1.main]: Comprobamos si Cliente suelto existe: true
[15] [2025-11-17_16-01-56_547] [TRACE] [main.java.v1.DaoClienteV1.updateOne]: [13] Cliente actualizado.
[16] [2025-11-17_16-01-56_551] [TRACE] [main.java.v1.Main_v1.main]: Cliente despues de update:
[8] nombre8 apellido1.8 apellido2.8
 DNI: 5100008 - Tlf: 1000008
 Activo: true - FechaRegistro: 2025-11-17
[17] [2025-11-17_16-01-56_555] [TRACE] [main.java.v1.Main_v1.main]: Usando findAll():
[6] nombre6 apellido1.6 apellido2.6
 DNI: 5100006 - Tlf: 1000006
 Activo: true - FechaRegistro: 2025-11-17
[18] [2025-11-17_16-01-56_558] [TRACE] [main.java.v1.Main_v1.main]: 
Usando findByAttributes:
[[13] Juan Manuel Fernandez Lopez
 DNI: 67867867 - Tlf: 51090000
 Activo: true - FechaRegistro: 2025-11-17]
[19] [2025-11-17_16-01-56_566] [TRACE] [main.java.v1.DaoClienteV1.deleteById]: Eliminado cliente 13
[20] [2025-11-17_16-01-56_571] [TRACE] [main.java.v1.Main_v1.main]: 
Borrando...
Existe el cliente 13? false
[21] [2025-11-17_16-01-56_574] [INFO] [main.java.v1.Main_v1.main]: Clientes en prac2 antes de migracion: 12
[22] [2025-11-17_16-01-56_575] [TRACE] [main.java.v1.Main_v1.main]: Creamos migrador con JDBC
[23] [2025-11-17_16-01-56_592] [INFO] [main.java.utils.DbSetup.crearTablaClientesMigrada]: Tabla clientesMigra creada correctamente
[24] [2025-11-17_16-01-56_601] [INFO] [main.java.utils.JdbcMigrator.migrarClientes]: [MIGRACION] clientes > COMPLETA(12/12 insertados, 0 errores) en 18 milisegundos.
[25] [2025-11-17_16-01-56_608] [INFO] [main.java.v1.Main_v1.main]: Clientes en prac2migra después de migracion: 12
