[22] [2025-11-18_02-18-13_508] [TRACE] [main.java.v1.Main_v1.crudClientes]: 
Borrando...
Existe el cliente 13? false
[23] [2025-11-18_02-18-13_516] [TRACE] [main.java.v1.Main_v1.crudProductos]: Comprobamos si prod existe: true
[24] [2025-11-18_02-18-13_524] [TRACE] [main.java.v1.DaoProductoV1.updateOne]: [71] Producto actualizado.
[25] [2025-11-18_02-18-13_529] [TRACE] [main.java.v1.Main_v1.crudProductos]: Producto despues de update:
[71] Lancha
Chiquita
9999.9 euros.
Disponible: true - Migrado: false
[26] [2025-11-18_02-18-13_534] [TRACE] [main.java.v1.Main_v1.crudProductos]: Usando findAll():
[6] nombre6
descripcion6
16.0 euros.
Disponible: true - Migrado: true
[27] [2025-11-18_02-18-13_538] [TRACE] [main.java.v1.Main_v1.crudProductos]: 
Usando findByAttributes:
[]
[28] [2025-11-18_02-18-13_545] [TRACE] [main.java.v1.DaoProductoV1.deleteById]: Eliminado producto 71
[29] [2025-11-18_02-18-13_549] [TRACE] [main.java.v1.Main_v1.crudProductos]: 
Borrando...
Existe el producto 71? false
[30] [2025-11-18_02-18-13_561] [ERROR] [main.java.v1.DaoPedidoV1.insertOne]: Connection(DriverM) not established when inserting Producto
[31] [2025-11-18_02-18-13_565] [TRACE] [main.java.v1.Main_v1.crudPedidos]: Comprobamos si pedido existe: false
[32] [2025-11-18_02-18-13_573] [WARN] [main.java.v1.DaoPedidoV1.updateOne]: Pedido no actualizado, check ID: 0
[33] [2025-11-18_02-18-13_578] [TRACE] [main.java.v1.Main_v1.crudPedidos]: Pedido despues de update:
null
[34] [2025-11-18_02-18-13_586] [TRACE] [main.java.v1.Main_v1.crudPedidos]: Usando findAll():
[6] 2025-11-18
16.0euros
Cliente: 9Producto: 18
[35] [2025-11-18_02-18-13_592] [TRACE] [main.java.v1.Main_v1.crudPedidos]: 
Usando findByAttributes:
[]
[36] [2025-11-18_02-18-13_597] [WARN] [main.java.v1.DaoPedidoV1.deleteById]: No se eliminó pedido 0
[37] [2025-11-18_02-18-13_602] [TRACE] [main.java.v1.Main_v1.crudPedidos]: 
Borrando...
Existe el cliente 0? false
[38] [2025-11-18_02-18-13_642] [INFO] [main.java.v1.Main_v1.main]: Clientes en prac2 antes de migracion: 12
Productos en prac2 antes de migracion: 70
Pedidos en prac2 antes de migracion: 70
Total: 152
[39] [2025-11-18_02-18-13_643] [TRACE] [main.java.v1.Main_v1.main]: Creamos migrador con JDBC
[40] [2025-11-18_02-18-13_651] [INFO] [main.java.utils.JdbcMigrator.migrarDB]: [MIGRACION] Savepoint: Clientes
[41] [2025-11-18_02-18-13_663] [INFO] [main.java.utils.DbSetup.crearTablaClientesMigrada]: Tabla clientesMigra creada correctamente
[42] [2025-11-18_02-18-13_670] [INFO] [main.java.utils.JdbcMigrator.migrarClientes]: Migracion clientes:COMPLETA
[43] [2025-11-18_02-18-13_672] [INFO] [main.java.utils.JdbcMigrator.migrarDB]: [MIGRACION] Savepoint: Productos
[44] [2025-11-18_02-18-13_681] [INFO] [main.java.utils.DbSetup.crearTablaProductosMigrada]: Tabla productosMigra creada correctamente
[45] [2025-11-18_02-18-13_682] [TRACE] [main.java.utils.DataLoader.cargarProductosMigrada]: Cargando productosMigra. Prueba: nombre3
[46] [2025-11-18_02-18-13_683] [TRACE] [main.java.utils.DataLoader.cargarProductosMigrada]: Preparado para loadProductosMigra. Prueba: nombre3
[47] [2025-11-18_02-18-13_702] [TRACE] [main.java.utils.DataLoader.cargarProductosMigrada]: Load de productos finalizado
[48] [2025-11-18_02-18-13_704] [INFO] [main.java.utils.JdbcMigrator.migrarProductos]: Migracion productos:COMPLETA
[49] [2025-11-18_02-18-13_705] [INFO] [main.java.utils.JdbcMigrator.migrarDB]: [MIGRACION] Savepoint: Pedidos
[50] [2025-11-18_02-18-13_713] [INFO] [main.java.utils.DbSetup.crearTablaPedidosMigrada]: Tabla pedidosMigra creada correctamente
[51] [2025-11-18_02-18-13_714] [TRACE] [main.java.utils.DataLoader.cargarPedidosMigrada]: Cargando pedidos en pedidosMigra
[52] [2025-11-18_02-18-13_741] [INFO] [main.java.utils.JdbcMigrator.migrarPedidos]: Migracion pedidos:COMPLETA
[53] [2025-11-18_02-18-13_748] [INFO] [main.java.utils.JdbcMigrator.escribeResultado]: Resultado migración escrito en C:\Users\matei\CodingProjects\MigracionADD\migracion\resultadoMigracion.txt
[54] [2025-11-18_02-18-13_749] [INFO] [main.java.v1.Main_v1.main]: [MIGRACION] [all] > COMPLETA(152/152 insertados, 0 errores) en 85 milisegundos.
[1] [2025-11-18_02-18-16_389] [INFO] [main.java.utils.DbSetup.borrarTabla]: Tabla pedidos eliminada correctamente.
[2] [2025-11-18_02-18-16_415] [INFO] [main.java.utils.DbSetup.borrarTablaMigrada]: Tabla pedidosMigra eliminada correctamente.
[3] [2025-11-18_02-18-16_428] [INFO] [main.java.utils.DbSetup.borrarTabla]: Tabla clientes eliminada correctamente.
[4] [2025-11-18_02-18-16_441] [INFO] [main.java.utils.DbSetup.borrarTablaMigrada]: Tabla clientesMigra eliminada correctamente.
[5] [2025-11-18_02-18-16_454] [INFO] [main.java.utils.DbSetup.borrarTabla]: Tabla productos eliminada correctamente.
[6] [2025-11-18_02-18-16_469] [INFO] [main.java.utils.DbSetup.borrarTablaMigrada]: Tabla productosMigra eliminada correctamente.
[7] [2025-11-18_02-18-16_499] [INFO] [main.java.utils.DbSetup.crearTablaClientes]: Tabla clientes creada correctamente
[8] [2025-11-18_02-18-16_535] [INFO] [main.java.utils.DbSetup.crearTablaClientesMigrada]: Tabla clientesMigra creada correctamente
