[5] [2025-11-17_15-22-22_569] [INFO] [main.java.utils.DbSetup.borrarTabla]: Tabla pedidos eliminada correctamente.
[6] [2025-11-17_15-22-22_574] [ERROR] [main.java.utils.DbSetup.borrarTablaMigrada]: No se pudo borrar la tabla pedidosMigra
[7] [2025-11-17_15-22-22_580] [INFO] [main.java.utils.DbSetup.crearTablaClientes]: Tabla clientes creada correctamente
[8] [2025-11-17_15-22-22_616] [INFO] [main.java.utils.DbSetup.crearTablaClientesMigrada]: Tabla clientesMigra creada correctamente
[9] [2025-11-17_15-22-22_623] [INFO] [main.java.utils.DbSetup.crearTablaProductos]: Tabla productos creada correctamente
[10] [2025-11-17_15-22-22_640] [INFO] [main.java.utils.DbSetup.crearTablaProductosMigrada]: Tabla productosMigra creada correctamente
[11] [2025-11-17_15-22-22_674] [INFO] [main.java.utils.DbSetup.crearTablaPedidos]: Tabla pedidos creada correctamente
[12] [2025-11-17_15-22-22_680] [ERROR] [main.java.v1.Main_PruebaCarga.main]: Error generando las tablas
[13] [2025-11-17_15-22-22_701] [ERROR] [main.java.v1.DaoClienteV1.insertMany]: Connection(DM) not established when inserting Cliente list
[14] [2025-11-17_15-22-22_713] [INFO] [main.java.v1.Main_PruebaCarga.main]: Clientes cargados en prac2. Ejemplo: 
[3] nombre3 apellido1.3 apellido2.3
 DNI: 5100003 - Tlf: 1000003
 Activo: true - FechaRegistro: 2025-11-17
[15] [2025-11-17_15-22-22_728] [TRACE] [main.java.v1.Main_PruebaCarga.main]: Comprobamos si Cliente suelto existe: true
[16] [2025-11-17_15-22-22_739] [TRACE] [main.java.v1.DaoClienteV1.updateOne]: [26] Cliente actualizado.
[17] [2025-11-17_15-22-22_746] [TRACE] [main.java.v1.Main_PruebaCarga.main]: Cliente despues de update:
[8] nombre8 apellido1.8 apellido2.8
 DNI: 5100008 - Tlf: 1000008
 Activo: true - FechaRegistro: 2025-11-17
[18] [2025-11-17_15-22-22_751] [TRACE] [main.java.v1.Main_PruebaCarga.main]: Usando findAll():
[6] nombre6 apellido1.6 apellido2.6
 DNI: 5100006 - Tlf: 1000006
 Activo: true - FechaRegistro: 2025-11-17
[19] [2025-11-17_15-22-22_757] [TRACE] [main.java.v1.Main_PruebaCarga.main]: 
Usando findByAttributes:
[[26] Juan Manuel Fernandez Lopez
 DNI: 67867867 - Tlf: 51090000
 Activo: true - FechaRegistro: 2025-11-17]
[20] [2025-11-17_15-22-22_763] [WARN] [main.java.v1.DaoClienteV1.deleteById]: No se eliminó cliente 13
[21] [2025-11-17_15-22-22_769] [TRACE] [main.java.v1.Main_PruebaCarga.main]: 
Borrando...
Existe el cliente 13? false
[22] [2025-11-17_15-22-22_774] [INFO] [main.java.v1.Main_PruebaCarga.main]: Clientes en prac2 antes de migracion: 13
[23] [2025-11-17_15-22-22_774] [TRACE] [main.java.v1.Main_PruebaCarga.main]: Creamos migrador con JDBC
[24] [2025-11-17_15-22-22_793] [INFO] [main.java.utils.DbSetup.crearTablaClientesMigrada]: Tabla clientesMigra creada correctamente
[25] [2025-11-17_15-22-22_807] [INFO] [main.java.utils.JdbcMigrator.migrarClientes]: [MIGRACION] clientes > COMPLETA(13/13 insertados, 0 errores) en 21 milisegundos.
[26] [2025-11-17_15-22-22_814] [INFO] [main.java.v1.Main_PruebaCarga.main]: Clientes en prac2migra después de migracion: 13
[1] [2025-11-17_15-23-27_473] [ERROR] [main.java.utils.DbSetup.borrarTabla]: No se pudo borrar la tabla clientes
[2] [2025-11-17_15-23-27_494] [INFO] [main.java.utils.DbSetup.borrarTablaMigrada]: Tabla clientesMigra eliminada correctamente.
[3] [2025-11-17_15-23-27_500] [ERROR] [main.java.utils.DbSetup.borrarTabla]: No se pudo borrar la tabla productos
[4] [2025-11-17_15-23-27_513] [INFO] [main.java.utils.DbSetup.borrarTablaMigrada]: Tabla productosMigra eliminada correctamente.
[5] [2025-11-17_15-23-27_532] [INFO] [main.java.utils.DbSetup.borrarTabla]: Tabla pedidos eliminada correctamente.
[6] [2025-11-17_15-23-27_537] [ERROR] [main.java.utils.DbSetup.borrarTablaMigrada]: No se pudo borrar la tabla pedidosMigra
[7] [2025-11-17_15-23-27_544] [INFO] [main.java.utils.DbSetup.crearTablaClientes]: Tabla clientes creada correctamente
[8] [2025-11-17_15-23-27_584] [INFO] [main.java.utils.DbSetup.crearTablaClientesMigrada]: Tabla clientesMigra creada correctamente
[9] [2025-11-17_15-23-27_592] [INFO] [main.java.utils.DbSetup.crearTablaProductos]: Tabla productos creada correctamente
[10] [2025-11-17_15-23-27_611] [INFO] [main.java.utils.DbSetup.crearTablaProductosMigrada]: Tabla productosMigra creada correctamente
[11] [2025-11-17_15-23-27_652] [INFO] [main.java.utils.DbSetup.crearTablaPedidos]: Tabla pedidos creada correctamente
[12] [2025-11-17_15-23-27_693] [INFO] [main.java.utils.DbSetup.crearTablaPedidosMigrada]: Tabla pedidosMigra creada correctamente
[13] [2025-11-17_15-23-27_723] [ERROR] [main.java.v1.DaoClienteV1.insertMany]: Connection(DM) not established when inserting Cliente list
[14] [2025-11-17_15-23-27_738] [INFO] [main.java.v1.Main_PruebaCarga.main]: Clientes cargados en prac2. Ejemplo: 
[3] nombre3 apellido1.3 apellido2.3
 DNI: 5100003 - Tlf: 1000003
 Activo: true - FechaRegistro: 2025-11-17
[15] [2025-11-17_15-23-27_745] [ERROR] [main.java.v1.DaoClienteV1.insertOne]: Connection(DriverM) not established when inserting Cliente
[16] [2025-11-17_15-23-27_752] [TRACE] [main.java.v1.Main_PruebaCarga.main]: Comprobamos si Cliente suelto existe: false
