[30] [2025-11-18_02-20-25_267] [ERROR] [main.java.v1.DaoPedidoV1.insertOne]: Connection(DriverM) not established when inserting Producto
[31] [2025-11-18_02-20-25_271] [TRACE] [main.java.v1.Main_v1.crudPedidos]: Comprobamos si pedido existe: false
[32] [2025-11-18_02-20-25_279] [WARN] [main.java.v1.DaoPedidoV1.updateOne]: Pedido no actualizado, check ID: 0
[33] [2025-11-18_02-20-25_283] [TRACE] [main.java.v1.Main_v1.crudPedidos]: Pedido despues de update:
null
[34] [2025-11-18_02-20-25_292] [TRACE] [main.java.v1.Main_v1.crudPedidos]: Usando findAll():
[6] 2025-11-18
16.0euros
Cliente: 11Producto: 24
[35] [2025-11-18_02-20-25_297] [TRACE] [main.java.v1.Main_v1.crudPedidos]: 
Usando findByAttributes:
[]
[36] [2025-11-18_02-20-25_301] [WARN] [main.java.v1.DaoPedidoV1.deleteById]: No se eliminó pedido 0
[37] [2025-11-18_02-20-25_310] [TRACE] [main.java.v1.Main_v1.crudPedidos]: 
Borrando...
Existe el cliente 0? false
[38] [2025-11-18_02-20-25_339] [INFO] [main.java.v1.Main_v1.main]: Clientes en prac2 antes de migracion: 12
Productos en prac2 antes de migracion: 70
Pedidos en prac2 antes de migracion: 70
Total: 152
[39] [2025-11-18_02-20-25_340] [TRACE] [main.java.v1.Main_v1.main]: Creamos migrador con JDBC
[40] [2025-11-18_02-20-25_347] [INFO] [main.java.utils.JdbcMigrator.migrarDB]: [MIGRACION] Savepoint: Clientes
[41] [2025-11-18_02-20-25_365] [INFO] [main.java.utils.DbSetup.crearTablaClientesMigrada]: Tabla clientesMigra creada correctamente
[42] [2025-11-18_02-20-25_372] [INFO] [main.java.utils.JdbcMigrator.migrarClientes]: Migracion clientes:COMPLETA
[43] [2025-11-18_02-20-25_373] [INFO] [main.java.utils.JdbcMigrator.migrarDB]: [MIGRACION] Savepoint: Productos
[44] [2025-11-18_02-20-25_381] [INFO] [main.java.utils.DbSetup.crearTablaProductosMigrada]: Tabla productosMigra creada correctamente
[45] [2025-11-18_02-20-25_382] [TRACE] [main.java.utils.DataLoader.cargarProductosMigrada]: Cargando productosMigra. Prueba: nombre3
[46] [2025-11-18_02-20-25_382] [TRACE] [main.java.utils.DataLoader.cargarProductosMigrada]: Preparado para loadProductosMigra. Prueba: nombre3
[47] [2025-11-18_02-20-25_400] [TRACE] [main.java.utils.DataLoader.cargarProductosMigrada]: Load de productos finalizado
[48] [2025-11-18_02-20-25_402] [INFO] [main.java.utils.JdbcMigrator.migrarProductos]: Migracion productos:COMPLETA
[49] [2025-11-18_02-20-25_402] [INFO] [main.java.utils.JdbcMigrator.migrarDB]: [MIGRACION] Savepoint: Pedidos
[50] [2025-11-18_02-20-25_410] [INFO] [main.java.utils.DbSetup.crearTablaPedidosMigrada]: Tabla pedidosMigra creada correctamente
[51] [2025-11-18_02-20-25_411] [TRACE] [main.java.utils.DataLoader.cargarPedidosMigrada]: Cargando pedidos en pedidosMigra
[52] [2025-11-18_02-20-25_430] [INFO] [main.java.utils.JdbcMigrator.migrarPedidos]: Migracion pedidos:COMPLETA
[53] [2025-11-18_02-20-25_435] [INFO] [main.java.utils.JdbcMigrator.escribeResultado]: Resultado migración escrito en C:\Users\matei\CodingProjects\MigracionADD\migracion\resultadoMigracion.txt
[54] [2025-11-18_02-20-25_435] [INFO] [main.java.v1.Main_v1.main]: [MIGRACION] [all] > COMPLETA(152/152 insertados, 0 errores) en 78 milisegundos.
[1] [2025-11-18_02-22-43_451] [INFO] [main.java.utils.DbSetup.borrarTabla]: Tabla pedidos eliminada correctamente.
[2] [2025-11-18_02-22-43_478] [INFO] [main.java.utils.DbSetup.borrarTablaMigrada]: Tabla pedidosMigra eliminada correctamente.
[3] [2025-11-18_02-22-43_491] [INFO] [main.java.utils.DbSetup.borrarTabla]: Tabla clientes eliminada correctamente.
[4] [2025-11-18_02-22-43_502] [INFO] [main.java.utils.DbSetup.borrarTablaMigrada]: Tabla clientesMigra eliminada correctamente.
[5] [2025-11-18_02-22-43_513] [INFO] [main.java.utils.DbSetup.borrarTabla]: Tabla productos eliminada correctamente.
[6] [2025-11-18_02-22-43_525] [INFO] [main.java.utils.DbSetup.borrarTablaMigrada]: Tabla productosMigra eliminada correctamente.
[7] [2025-11-18_02-22-43_559] [INFO] [main.java.utils.DbSetup.crearTablaClientes]: Tabla clientes creada correctamente
[8] [2025-11-18_02-22-43_582] [INFO] [main.java.utils.DbSetup.crearTablaClientesMigrada]: Tabla clientesMigra creada correctamente
[9] [2025-11-18_02-22-43_599] [INFO] [main.java.utils.DbSetup.crearTablaProductos]: Tabla productos creada correctamente
[10] [2025-11-18_02-22-43_615] [INFO] [main.java.utils.DbSetup.crearTablaProductosMigrada]: Tabla productosMigra creada correctamente
[11] [2025-11-18_02-22-43_645] [INFO] [main.java.utils.DbSetup.crearTablaPedidos]: Tabla pedidos creada correctamente
[12] [2025-11-18_02-22-43_685] [INFO] [main.java.utils.DbSetup.crearTablaPedidosMigrada]: Tabla pedidosMigra creada correctamente
[13] [2025-11-18_02-22-43_803] [INFO] [main.java.v1.Main_v1.cargaMasivaDatos]: 
Clientes cargados en prac2. Ejemplo: [3] nombre3 apellido1.3 apellido2.3
 DNI: 5100003 - Tlf: 1000003
 Activo: true - FechaRegistro: 2025-11-18
[14] [2025-11-18_02-22-43_808] [INFO] [main.java.v1.Main_v1.cargaMasivaDatos]: 
Productos cargados en prac2. Ejemplo: [3] nombre3
descripcion3
13.0 euros.
Disponible: true - Migrado: false
