[1] [2025-11-18_02-18-02_472] [INFO] [main.java.utils.DbSetup.borrarTabla]: Tabla pedidos eliminada correctamente.
[2] [2025-11-18_02-18-02_499] [INFO] [main.java.utils.DbSetup.borrarTablaMigrada]: Tabla pedidosMigra eliminada correctamente.
[3] [2025-11-18_02-18-02_513] [INFO] [main.java.utils.DbSetup.borrarTabla]: Tabla clientes eliminada correctamente.
[4] [2025-11-18_02-18-02_524] [INFO] [main.java.utils.DbSetup.borrarTablaMigrada]: Tabla clientesMigra eliminada correctamente.
[5] [2025-11-18_02-18-02_535] [INFO] [main.java.utils.DbSetup.borrarTabla]: Tabla productos eliminada correctamente.
[6] [2025-11-18_02-18-02_548] [INFO] [main.java.utils.DbSetup.borrarTablaMigrada]: Tabla productosMigra eliminada correctamente.
[7] [2025-11-18_02-18-02_577] [INFO] [main.java.utils.DbSetup.crearTablaClientes]: Tabla clientes creada correctamente
[8] [2025-11-18_02-18-02_606] [INFO] [main.java.utils.DbSetup.crearTablaClientesMigrada]: Tabla clientesMigra creada correctamente
[9] [2025-11-18_02-18-02_626] [INFO] [main.java.utils.DbSetup.crearTablaProductos]: Tabla productos creada correctamente
[10] [2025-11-18_02-18-02_643] [INFO] [main.java.utils.DbSetup.crearTablaProductosMigrada]: Tabla productosMigra creada correctamente
[11] [2025-11-18_02-18-02_681] [INFO] [main.java.utils.DbSetup.crearTablaPedidos]: Tabla pedidos creada correctamente
[12] [2025-11-18_02-18-02_721] [INFO] [main.java.utils.DbSetup.crearTablaPedidosMigrada]: Tabla pedidosMigra creada correctamente
[13] [2025-11-18_02-18-02_822] [INFO] [main.java.v1.Main_v1.cargaMasivaDatos]: 
Clientes cargados en prac2. Ejemplo: [3] nombre3 apellido1.3 apellido2.3
 DNI: 5100003 - Tlf: 1000003
 Activo: true - FechaRegistro: 2025-11-18
[14] [2025-11-18_02-18-02_827] [INFO] [main.java.v1.Main_v1.cargaMasivaDatos]: 
Productos cargados en prac2. Ejemplo: [3] nombre3
descripcion3
13.0 euros.
Disponible: true - Migrado: false
[15] [2025-11-18_02-18-02_833] [INFO] [main.java.v1.Main_v1.cargaMasivaDatos]: 
Pedidos cargados en prac2. Ejemplo: [3] 2025-11-18
13.0euros
Cliente: 6Producto: 4
[16] [2025-11-18_02-18-02_841] [TRACE] [main.java.v1.Main_v1.crudClientes]: Comprobamos si Cliente suelto existe: true
[17] [2025-11-18_02-18-02_848] [TRACE] [main.java.v1.DaoClienteV1.updateOne]: [13] Cliente actualizado.
[18] [2025-11-18_02-18-02_851] [TRACE] [main.java.v1.Main_v1.crudClientes]: Cliente despues de update:
[13] Juan Manuel Fernandez Lopez
 DNI: 67867867 - Tlf: 51090000
 Activo: true - FechaRegistro: 2025-11-18
[19] [2025-11-18_02-18-02_855] [TRACE] [main.java.v1.Main_v1.crudClientes]: Usando findAll():
[6] nombre6 apellido1.6 apellido2.6
 DNI: 5100006 - Tlf: 1000006
 Activo: true - FechaRegistro: 2025-11-18
[20] [2025-11-18_02-18-02_858] [TRACE] [main.java.v1.Main_v1.crudClientes]: 
Usando findByAttributes:
[[13] Juan Manuel Fernandez Lopez
 DNI: 67867867 - Tlf: 51090000
 Activo: true - FechaRegistro: 2025-11-18]
[21] [2025-11-18_02-18-02_862] [TRACE] [main.java.v1.DaoClienteV1.deleteById]: Eliminado cliente 13
[22] [2025-11-18_02-18-02_865] [TRACE] [main.java.v1.Main_v1.crudClientes]: 
Borrando...
Existe el cliente 13? false
[23] [2025-11-18_02-18-02_872] [TRACE] [main.java.v1.Main_v1.crudProductos]: Comprobamos si prod existe: true
[24] [2025-11-18_02-18-02_878] [TRACE] [main.java.v1.DaoProductoV1.updateOne]: [71] Producto actualizado.
[25] [2025-11-18_02-18-02_882] [TRACE] [main.java.v1.Main_v1.crudProductos]: Producto despues de update:
[71] Lancha
Chiquita
9999.9 euros.
Disponible: true - Migrado: false
[26] [2025-11-18_02-18-02_885] [TRACE] [main.java.v1.Main_v1.crudProductos]: Usando findAll():
[6] nombre6
descripcion6
16.0 euros.
Disponible: true - Migrado: true
[27] [2025-11-18_02-18-02_888] [TRACE] [main.java.v1.Main_v1.crudProductos]: 
Usando findByAttributes:
[]
[28] [2025-11-18_02-18-02_892] [TRACE] [main.java.v1.DaoProductoV1.deleteById]: Eliminado producto 71
[29] [2025-11-18_02-18-02_896] [TRACE] [main.java.v1.Main_v1.crudProductos]: 
Borrando...
Existe el producto 71? false
[30] [2025-11-18_02-18-02_904] [ERROR] [main.java.v1.DaoPedidoV1.insertOne]: Connection(DriverM) not established when inserting Producto
[31] [2025-11-18_02-18-02_910] [TRACE] [main.java.v1.Main_v1.crudPedidos]: Comprobamos si pedido existe: false
[32] [2025-11-18_02-18-02_916] [WARN] [main.java.v1.DaoPedidoV1.updateOne]: Pedido no actualizado, check ID: 0
[33] [2025-11-18_02-18-02_919] [TRACE] [main.java.v1.Main_v1.crudPedidos]: Pedido despues de update:
null
[34] [2025-11-18_02-18-02_926] [TRACE] [main.java.v1.Main_v1.crudPedidos]: Usando findAll():
[6] 2025-11-18
16.0euros
Cliente: 10Producto: 4
[35] [2025-11-18_02-18-02_930] [TRACE] [main.java.v1.Main_v1.crudPedidos]: 
Usando findByAttributes:
[]
[36] [2025-11-18_02-18-02_932] [WARN] [main.java.v1.DaoPedidoV1.deleteById]: No se eliminó pedido 0
[37] [2025-11-18_02-18-02_936] [TRACE] [main.java.v1.Main_v1.crudPedidos]: 
Borrando...
Existe el cliente 0? false
[38] [2025-11-18_02-18-02_958] [INFO] [main.java.v1.Main_v1.main]: Clientes en prac2 antes de migracion: 12
Productos en prac2 antes de migracion: 70
Pedidos en prac2 antes de migracion: 70
Total: 152
