[9] [2025-11-18_02-18-16_554] [INFO] [main.java.utils.DbSetup.crearTablaProductos]: Tabla productos creada correctamente
[10] [2025-11-18_02-18-16_574] [INFO] [main.java.utils.DbSetup.crearTablaProductosMigrada]: Tabla productosMigra creada correctamente
[11] [2025-11-18_02-18-16_613] [INFO] [main.java.utils.DbSetup.crearTablaPedidos]: Tabla pedidos creada correctamente
[12] [2025-11-18_02-18-16_662] [INFO] [main.java.utils.DbSetup.crearTablaPedidosMigrada]: Tabla pedidosMigra creada correctamente
[13] [2025-11-18_02-18-16_778] [INFO] [main.java.v1.Main_v1.cargaMasivaDatos]: 
Clientes cargados en prac2. Ejemplo: [3] nombre3 apellido1.3 apellido2.3
 DNI: 5100003 - Tlf: 1000003
 Activo: true - FechaRegistro: 2025-11-18
[14] [2025-11-18_02-18-16_784] [INFO] [main.java.v1.Main_v1.cargaMasivaDatos]: 
Productos cargados en prac2. Ejemplo: [3] nombre3
descripcion3
13.0 euros.
Disponible: true - Migrado: false
[15] [2025-11-18_02-18-16_790] [INFO] [main.java.v1.Main_v1.cargaMasivaDatos]: 
Pedidos cargados en prac2. Ejemplo: [3] 2025-11-18
13.0euros
Cliente: 10Producto: 39
[16] [2025-11-18_02-18-16_798] [TRACE] [main.java.v1.Main_v1.crudClientes]: Comprobamos si Cliente suelto existe: true
[17] [2025-11-18_02-18-16_805] [TRACE] [main.java.v1.DaoClienteV1.updateOne]: [13] Cliente actualizado.
[18] [2025-11-18_02-18-16_808] [TRACE] [main.java.v1.Main_v1.crudClientes]: Cliente despues de update:
[13] Juan Manuel Fernandez Lopez
 DNI: 67867867 - Tlf: 51090000
 Activo: true - FechaRegistro: 2025-11-18
[19] [2025-11-18_02-18-16_812] [TRACE] [main.java.v1.Main_v1.crudClientes]: Usando findAll():
[6] nombre6 apellido1.6 apellido2.6
 DNI: 5100006 - Tlf: 1000006
 Activo: true - FechaRegistro: 2025-11-18
[20] [2025-11-18_02-18-16_815] [TRACE] [main.java.v1.Main_v1.crudClientes]: 
Usando findByAttributes:
[[13] Juan Manuel Fernandez Lopez
 DNI: 67867867 - Tlf: 51090000
 Activo: true - FechaRegistro: 2025-11-18]
[21] [2025-11-18_02-18-16_820] [TRACE] [main.java.v1.DaoClienteV1.deleteById]: Eliminado cliente 13
[22] [2025-11-18_02-18-16_824] [TRACE] [main.java.v1.Main_v1.crudClientes]: 
Borrando...
Existe el cliente 13? false
[23] [2025-11-18_02-18-16_832] [TRACE] [main.java.v1.Main_v1.crudProductos]: Comprobamos si prod existe: true
[24] [2025-11-18_02-18-16_838] [TRACE] [main.java.v1.DaoProductoV1.updateOne]: [71] Producto actualizado.
[25] [2025-11-18_02-18-16_842] [TRACE] [main.java.v1.Main_v1.crudProductos]: Producto despues de update:
[71] Lancha
Chiquita
9999.9 euros.
Disponible: true - Migrado: false
[26] [2025-11-18_02-18-16_846] [TRACE] [main.java.v1.Main_v1.crudProductos]: Usando findAll():
[6] nombre6
descripcion6
16.0 euros.
Disponible: true - Migrado: true
[27] [2025-11-18_02-18-16_849] [TRACE] [main.java.v1.Main_v1.crudProductos]: 
Usando findByAttributes:
[]
[28] [2025-11-18_02-18-16_853] [TRACE] [main.java.v1.DaoProductoV1.deleteById]: Eliminado producto 71
[29] [2025-11-18_02-18-16_857] [TRACE] [main.java.v1.Main_v1.crudProductos]: 
Borrando...
Existe el producto 71? false
[30] [2025-11-18_02-18-16_865] [ERROR] [main.java.v1.DaoPedidoV1.insertOne]: Connection(DriverM) not established when inserting Producto
[31] [2025-11-18_02-18-16_869] [TRACE] [main.java.v1.Main_v1.crudPedidos]: Comprobamos si pedido existe: false
[32] [2025-11-18_02-18-16_875] [WARN] [main.java.v1.DaoPedidoV1.updateOne]: Pedido no actualizado, check ID: 0
[33] [2025-11-18_02-18-16_879] [TRACE] [main.java.v1.Main_v1.crudPedidos]: Pedido despues de update:
null
[34] [2025-11-18_02-18-16_885] [TRACE] [main.java.v1.Main_v1.crudPedidos]: Usando findAll():
[6] 2025-11-18
16.0euros
Cliente: 11Producto: 39
[35] [2025-11-18_02-18-16_889] [TRACE] [main.java.v1.Main_v1.crudPedidos]: 
Usando findByAttributes:
[]
[36] [2025-11-18_02-18-16_894] [WARN] [main.java.v1.DaoPedidoV1.deleteById]: No se eliminó pedido 0
[37] [2025-11-18_02-18-16_898] [TRACE] [main.java.v1.Main_v1.crudPedidos]: 
Borrando...
Existe el cliente 0? false
[38] [2025-11-18_02-18-16_923] [INFO] [main.java.v1.Main_v1.main]: Clientes en prac2 antes de migracion: 12
Productos en prac2 antes de migracion: 70
Pedidos en prac2 antes de migracion: 70
Total: 152
[39] [2025-11-18_02-18-16_924] [TRACE] [main.java.v1.Main_v1.main]: Creamos migrador con JDBC
[40] [2025-11-18_02-18-16_930] [INFO] [main.java.utils.JdbcMigrator.migrarDB]: [MIGRACION] Savepoint: Clientes
[41] [2025-11-18_02-18-16_945] [INFO] [main.java.utils.DbSetup.crearTablaClientesMigrada]: Tabla clientesMigra creada correctamente
[42] [2025-11-18_02-18-16_951] [INFO] [main.java.utils.JdbcMigrator.migrarClientes]: Migracion clientes:COMPLETA
[43] [2025-11-18_02-18-16_952] [INFO] [main.java.utils.JdbcMigrator.migrarDB]: [MIGRACION] Savepoint: Productos
[44] [2025-11-18_02-18-16_959] [INFO] [main.java.utils.DbSetup.crearTablaProductosMigrada]: Tabla productosMigra creada correctamente
[45] [2025-11-18_02-18-16_960] [TRACE] [main.java.utils.DataLoader.cargarProductosMigrada]: Cargando productosMigra. Prueba: nombre3
[46] [2025-11-18_02-18-16_960] [TRACE] [main.java.utils.DataLoader.cargarProductosMigrada]: Preparado para loadProductosMigra. Prueba: nombre3
