[1] [2025-11-17_15-11-00_622] [INFO] [main.java.utils.DbSetup.borrarTabla]: Tabla clientes eliminada correctamente.
[2] [2025-11-17_15-11-00_646] [INFO] [main.java.utils.DbSetup.borrarTablaMigrada]: Tabla clientesMigra eliminada correctamente.
[3] [2025-11-17_15-11-00_661] [INFO] [main.java.utils.DbSetup.borrarTabla]: Tabla productos eliminada correctamente.
[4] [2025-11-17_15-11-00_674] [ERROR] [main.java.utils.DbSetup.borrarTablaMigrada]: No se pudo borrar la tabla productosMigra
[5] [2025-11-17_15-11-00_680] [ERROR] [main.java.utils.DbSetup.borrarTabla]: No se pudo borrar la tabla pedidos
[6] [2025-11-17_15-11-00_686] [ERROR] [main.java.utils.DbSetup.borrarTablaMigrada]: No se pudo borrar la tabla pedidosMigra
[7] [2025-11-17_15-11-00_716] [INFO] [main.java.utils.DbSetup.crearTablaClientes]: Tabla clientes creada correctamente
[8] [2025-11-17_15-11-00_752] [INFO] [main.java.utils.DbSetup.crearTablaClientesMigrada]: Tabla clientesMigra creada correctamente
[9] [2025-11-17_15-11-00_770] [INFO] [main.java.utils.DbSetup.crearTablaProductos]: Tabla productos creada correctamente
[10] [2025-11-17_15-11-00_789] [INFO] [main.java.utils.DbSetup.crearTablaProductosMigrada]: Tabla productosMigra creada correctamente
[11] [2025-11-17_15-11-00_828] [INFO] [main.java.v1.Main_PruebaCarga.main]: Clientes cargados en prac2. Ejemplo: 
[3] nombre3 apellido1.3 apellido2.3
 DNI: 5100003 - Tlf: 1000003
 Activo: true - FechaRegistro: 2025-11-17
[12] [2025-11-17_15-11-00_843] [TRACE] [main.java.v1.Main_PruebaCarga.main]: Comprobamos si Cliente suelto existe: true
[13] [2025-11-17_15-11-00_854] [TRACE] [main.java.v1.DaoClienteV1.updateOne]: [13] Cliente actualizado.
[14] [2025-11-17_15-11-00_860] [TRACE] [main.java.v1.Main_PruebaCarga.main]: Cliente despues de update:
[8] nombre8 apellido1.8 apellido2.8
 DNI: 5100008 - Tlf: 1000008
 Activo: true - FechaRegistro: 2025-11-17
[15] [2025-11-17_15-11-00_867] [TRACE] [main.java.v1.Main_PruebaCarga.main]: Usando findAll():
[6] nombre6 apellido1.6 apellido2.6
 DNI: 5100006 - Tlf: 1000006
 Activo: true - FechaRegistro: 2025-11-17
[16] [2025-11-17_15-11-00_875] [TRACE] [main.java.v1.Main_PruebaCarga.main]: 
Usando findByAttributes:
[[13] Juan Manuel Fernandez Lopez
 DNI: 67867867 - Tlf: 51090000
 Activo: true - FechaRegistro: 2025-11-17]
[17] [2025-11-17_15-11-00_883] [TRACE] [main.java.v1.DaoClienteV1.deleteById]: Eliminado cliente 13
[18] [2025-11-17_15-11-00_890] [TRACE] [main.java.v1.Main_PruebaCarga.main]: 
Borrando...
Existe el cliente 13? false
[19] [2025-11-17_15-11-00_896] [INFO] [main.java.v1.Main_PruebaCarga.main]: Clientes en prac2 antes de migracion: 12
[20] [2025-11-17_15-11-00_897] [TRACE] [main.java.v1.Main_PruebaCarga.main]: Creamos migrador con JDBC
[21] [2025-11-17_15-11-00_920] [INFO] [main.java.utils.DbSetup.crearTablaClientesMigrada]: Tabla clientesMigra creada correctamente
[22] [2025-11-17_15-11-00_936] [INFO] [main.java.utils.JdbcMigrator.migrarClientes]: [MIGRACION] clientes > COMPLETA(12/12 insertados, 0 errores) en 27 milisegundos.
[23] [2025-11-17_15-11-00_944] [INFO] [main.java.v1.Main_PruebaCarga.main]: Clientes en prac2migra después de migracion: 12
[1] [2025-11-17_15-14-18_423] [INFO] [main.java.utils.DbSetup.borrarTabla]: Tabla clientes eliminada correctamente.
[2] [2025-11-17_15-14-18_451] [INFO] [main.java.utils.DbSetup.borrarTablaMigrada]: Tabla clientesMigra eliminada correctamente.
[3] [2025-11-17_15-14-18_466] [INFO] [main.java.utils.DbSetup.borrarTabla]: Tabla productos eliminada correctamente.
[4] [2025-11-17_15-14-18_479] [INFO] [main.java.utils.DbSetup.borrarTablaMigrada]: Tabla productosMigra eliminada correctamente.
[5] [2025-11-17_15-14-18_490] [ERROR] [main.java.utils.DbSetup.borrarTabla]: No se pudo borrar la tabla pedidos
[6] [2025-11-17_15-14-18_496] [ERROR] [main.java.utils.DbSetup.borrarTablaMigrada]: No se pudo borrar la tabla pedidosMigra
[7] [2025-11-17_15-14-18_539] [INFO] [main.java.utils.DbSetup.crearTablaClientes]: Tabla clientes creada correctamente
[8] [2025-11-17_15-14-18_567] [INFO] [main.java.utils.DbSetup.crearTablaClientesMigrada]: Tabla clientesMigra creada correctamente
[9] [2025-11-17_15-14-18_586] [INFO] [main.java.utils.DbSetup.crearTablaProductos]: Tabla productos creada correctamente
[10] [2025-11-17_15-14-18_609] [INFO] [main.java.utils.DbSetup.crearTablaProductosMigrada]: Tabla productosMigra creada correctamente
[11] [2025-11-17_15-14-18_661] [INFO] [main.java.v1.Main_PruebaCarga.main]: Clientes cargados en prac2. Ejemplo: 
[3] nombre3 apellido1.3 apellido2.3
 DNI: 5100003 - Tlf: 1000003
 Activo: true - FechaRegistro: 2025-11-17
[12] [2025-11-17_15-14-18_681] [TRACE] [main.java.v1.Main_PruebaCarga.main]: Comprobamos si Cliente suelto existe: true
[13] [2025-11-17_15-14-18_694] [TRACE] [main.java.v1.DaoClienteV1.updateOne]: [13] Cliente actualizado.
[14] [2025-11-17_15-14-18_701] [TRACE] [main.java.v1.Main_PruebaCarga.main]: Cliente despues de update:
[8] nombre8 apellido1.8 apellido2.8
 DNI: 5100008 - Tlf: 1000008
 Activo: true - FechaRegistro: 2025-11-17
