[15] [2025-11-18_02-22-43_815] [INFO] [main.java.v1.Main_v1.cargaMasivaDatos]: 
Pedidos cargados en prac2. Ejemplo: [3] 2025-11-18
13.0euros
Cliente: 6Producto: 1
[16] [2025-11-18_02-22-43_823] [TRACE] [main.java.v1.Main_v1.crudClientes]: Comprobamos si Cliente suelto existe: true
[17] [2025-11-18_02-22-43_830] [TRACE] [main.java.v1.DaoClienteV1.updateOne]: [13] Cliente actualizado.
[18] [2025-11-18_02-22-43_833] [TRACE] [main.java.v1.Main_v1.crudClientes]: Cliente despues de update:
[13] Juan Manuel Fernandez Lopez
 DNI: 67867867 - Tlf: 51090000
 Activo: true - FechaRegistro: 2025-11-18
[19] [2025-11-18_02-22-43_836] [TRACE] [main.java.v1.Main_v1.crudClientes]: Usando findAll():
[6] nombre6 apellido1.6 apellido2.6
 DNI: 5100006 - Tlf: 1000006
 Activo: true - FechaRegistro: 2025-11-18
[20] [2025-11-18_02-22-43_841] [TRACE] [main.java.v1.Main_v1.crudClientes]: 
Usando findByAttributes:
[[13] Juan Manuel Fernandez Lopez
 DNI: 67867867 - Tlf: 51090000
 Activo: true - FechaRegistro: 2025-11-18]
[21] [2025-11-18_02-22-43_848] [TRACE] [main.java.v1.DaoClienteV1.deleteById]: Eliminado cliente 13
[22] [2025-11-18_02-22-43_853] [TRACE] [main.java.v1.Main_v1.crudClientes]: 
Borrando...
Existe el cliente 13? false
[23] [2025-11-18_02-22-43_860] [TRACE] [main.java.v1.Main_v1.crudProductos]: Comprobamos si prod existe: true
[24] [2025-11-18_02-22-43_865] [TRACE] [main.java.v1.DaoProductoV1.updateOne]: [71] Producto actualizado.
[25] [2025-11-18_02-22-43_868] [TRACE] [main.java.v1.Main_v1.crudProductos]: Producto despues de update:
[71] Lancha
Chiquita
9999.9 euros.
Disponible: true - Migrado: false
[26] [2025-11-18_02-22-43_872] [TRACE] [main.java.v1.Main_v1.crudProductos]: Usando findAll():
[6] nombre6
descripcion6
16.0 euros.
Disponible: true - Migrado: true
[27] [2025-11-18_02-22-43_875] [TRACE] [main.java.v1.Main_v1.crudProductos]: 
Usando findByAttributes:
[]
[28] [2025-11-18_02-22-43_879] [TRACE] [main.java.v1.DaoProductoV1.deleteById]: Eliminado producto 71
[29] [2025-11-18_02-22-43_882] [TRACE] [main.java.v1.Main_v1.crudProductos]: 
Borrando...
Existe el producto 71? false
[30] [2025-11-18_02-22-43_891] [ERROR] [main.java.v1.DaoPedidoV1.insertOne]: Connection(DriverM) not established when inserting Producto
[31] [2025-11-18_02-22-43_895] [TRACE] [main.java.v1.Main_v1.crudPedidos]: Comprobamos si pedido existe: false
[32] [2025-11-18_02-22-43_900] [WARN] [main.java.v1.DaoPedidoV1.updateOne]: Pedido no actualizado, check ID: 0
[33] [2025-11-18_02-22-43_905] [TRACE] [main.java.v1.Main_v1.crudPedidos]: Pedido despues de update:
null
[34] [2025-11-18_02-22-43_910] [TRACE] [main.java.v1.Main_v1.crudPedidos]: Usando findAll(), mostramos usuario 6:
[6] 2025-11-18
16.0euros
Cliente: 6Producto: 51
[35] [2025-11-18_02-22-43_913] [TRACE] [main.java.v1.Main_v1.crudPedidos]: 
Usando findByAttributes:
[]
[36] [2025-11-18_02-22-43_916] [WARN] [main.java.v1.DaoPedidoV1.deleteById]: No se eliminó pedido 0
[37] [2025-11-18_02-22-43_921] [TRACE] [main.java.v1.Main_v1.crudPedidos]: 
Borrando...
Existe el cliente 0? false
[38] [2025-11-18_02-22-43_942] [INFO] [main.java.v1.Main_v1.main]: Clientes en prac2 antes de migracion: 12
Productos en prac2 antes de migracion: 70
Pedidos en prac2 antes de migracion: 70
Total: 152
[39] [2025-11-18_02-22-43_942] [TRACE] [main.java.v1.Main_v1.main]: Creamos migrador con JDBC
[40] [2025-11-18_02-22-43_948] [INFO] [main.java.utils.JdbcMigrator.migrarDB]: [MIGRACION] Savepoint: Clientes
[41] [2025-11-18_02-22-43_962] [INFO] [main.java.utils.DbSetup.crearTablaClientesMigrada]: Tabla clientesMigra creada correctamente
[42] [2025-11-18_02-22-43_968] [INFO] [main.java.utils.JdbcMigrator.migrarClientes]: Migracion clientes:COMPLETA
[43] [2025-11-18_02-22-43_969] [INFO] [main.java.utils.JdbcMigrator.migrarDB]: [MIGRACION] Savepoint: Productos
[44] [2025-11-18_02-22-43_976] [INFO] [main.java.utils.DbSetup.crearTablaProductosMigrada]: Tabla productosMigra creada correctamente
[45] [2025-11-18_02-22-43_977] [TRACE] [main.java.utils.DataLoader.cargarProductosMigrada]: Cargando productosMigra. Prueba: nombre3
[46] [2025-11-18_02-22-43_977] [TRACE] [main.java.utils.DataLoader.cargarProductosMigrada]: Preparado para loadProductosMigra. Prueba: nombre3
[47] [2025-11-18_02-22-43_995] [TRACE] [main.java.utils.DataLoader.cargarProductosMigrada]: Load de productos finalizado
[48] [2025-11-18_02-22-43_997] [INFO] [main.java.utils.JdbcMigrator.migrarProductos]: Migracion productos:COMPLETA
[49] [2025-11-18_02-22-43_999] [INFO] [main.java.utils.JdbcMigrator.migrarDB]: [MIGRACION] Savepoint: Pedidos
[50] [2025-11-18_02-22-44_007] [INFO] [main.java.utils.DbSetup.crearTablaPedidosMigrada]: Tabla pedidosMigra creada correctamente
[51] [2025-11-18_02-22-44_007] [TRACE] [main.java.utils.DataLoader.cargarPedidosMigrada]: Cargando pedidos en pedidosMigra
[52] [2025-11-18_02-22-44_026] [INFO] [main.java.utils.JdbcMigrator.migrarPedidos]: Migracion pedidos:COMPLETA
[53] [2025-11-18_02-22-44_031] [INFO] [main.java.utils.JdbcMigrator.escribeResultado]: Resultado migración escrito en C:\Users\matei\CodingProjects\MigracionADD\migracion\resultadoMigracion.txt
