[15] [2025-11-17_15-14-18_711] [TRACE] [main.java.v1.Main_PruebaCarga.main]: Usando findAll():
[6] nombre6 apellido1.6 apellido2.6
 DNI: 5100006 - Tlf: 1000006
 Activo: true - FechaRegistro: 2025-11-17
[16] [2025-11-17_15-14-18_718] [TRACE] [main.java.v1.Main_PruebaCarga.main]: 
Usando findByAttributes:
[[13] Juan Manuel Fernandez Lopez
 DNI: 67867867 - Tlf: 51090000
 Activo: true - FechaRegistro: 2025-11-17]
[17] [2025-11-17_15-14-18_728] [TRACE] [main.java.v1.DaoClienteV1.deleteById]: Eliminado cliente 13
[18] [2025-11-17_15-14-18_735] [TRACE] [main.java.v1.Main_PruebaCarga.main]: 
Borrando...
Existe el cliente 13? false
[19] [2025-11-17_15-14-18_745] [INFO] [main.java.v1.Main_PruebaCarga.main]: Clientes en prac2 antes de migracion: 12
[20] [2025-11-17_15-14-18_746] [TRACE] [main.java.v1.Main_PruebaCarga.main]: Creamos migrador con JDBC
[21] [2025-11-17_15-14-18_767] [INFO] [main.java.utils.DbSetup.crearTablaClientesMigrada]: Tabla clientesMigra creada correctamente
[22] [2025-11-17_15-14-18_784] [INFO] [main.java.utils.JdbcMigrator.migrarClientes]: [MIGRACION] clientes > COMPLETA(12/12 insertados, 0 errores) en 24 milisegundos.
[23] [2025-11-17_15-14-18_791] [INFO] [main.java.v1.Main_PruebaCarga.main]: Clientes en prac2migra después de migracion: 12
[1] [2025-11-17_15-20-18_807] [INFO] [main.java.utils.DbSetup.borrarTabla]: Tabla clientes eliminada correctamente.
[2] [2025-11-17_15-20-18_833] [INFO] [main.java.utils.DbSetup.borrarTablaMigrada]: Tabla clientesMigra eliminada correctamente.
[3] [2025-11-17_15-20-18_863] [INFO] [main.java.utils.DbSetup.borrarTabla]: Tabla productos eliminada correctamente.
[4] [2025-11-17_15-20-18_875] [INFO] [main.java.utils.DbSetup.borrarTablaMigrada]: Tabla productosMigra eliminada correctamente.
[5] [2025-11-17_15-20-18_888] [ERROR] [main.java.utils.DbSetup.borrarTabla]: No se pudo borrar la tabla pedidos
[6] [2025-11-17_15-20-18_893] [ERROR] [main.java.utils.DbSetup.borrarTablaMigrada]: No se pudo borrar la tabla pedidosMigra
[7] [2025-11-17_15-20-18_927] [INFO] [main.java.utils.DbSetup.crearTablaClientes]: Tabla clientes creada correctamente
[8] [2025-11-17_15-20-18_962] [INFO] [main.java.utils.DbSetup.crearTablaClientesMigrada]: Tabla clientesMigra creada correctamente
[9] [2025-11-17_15-20-18_983] [INFO] [main.java.utils.DbSetup.crearTablaProductos]: Tabla productos creada correctamente
[10] [2025-11-17_15-20-19_003] [INFO] [main.java.utils.DbSetup.crearTablaProductosMigrada]: Tabla productosMigra creada correctamente
[11] [2025-11-17_15-20-19_060] [INFO] [main.java.utils.DbSetup.crearTablaPedidos]: Tabla pedidos creada correctamente
[12] [2025-11-17_15-20-19_068] [ERROR] [main.java.v1.Main_PruebaCarga.main]: Error generando las tablas
[13] [2025-11-17_15-20-19_112] [INFO] [main.java.v1.Main_PruebaCarga.main]: Clientes cargados en prac2. Ejemplo: 
[3] nombre3 apellido1.3 apellido2.3
 DNI: 5100003 - Tlf: 1000003
 Activo: true - FechaRegistro: 2025-11-17
[14] [2025-11-17_15-20-19_124] [TRACE] [main.java.v1.Main_PruebaCarga.main]: Comprobamos si Cliente suelto existe: true
[15] [2025-11-17_15-20-19_137] [TRACE] [main.java.v1.DaoClienteV1.updateOne]: [13] Cliente actualizado.
[16] [2025-11-17_15-20-19_144] [TRACE] [main.java.v1.Main_PruebaCarga.main]: Cliente despues de update:
[8] nombre8 apellido1.8 apellido2.8
 DNI: 5100008 - Tlf: 1000008
 Activo: true - FechaRegistro: 2025-11-17
[17] [2025-11-17_15-20-19_149] [TRACE] [main.java.v1.Main_PruebaCarga.main]: Usando findAll():
[6] nombre6 apellido1.6 apellido2.6
 DNI: 5100006 - Tlf: 1000006
 Activo: true - FechaRegistro: 2025-11-17
[18] [2025-11-17_15-20-19_154] [TRACE] [main.java.v1.Main_PruebaCarga.main]: 
Usando findByAttributes:
[[13] Juan Manuel Fernandez Lopez
 DNI: 67867867 - Tlf: 51090000
 Activo: true - FechaRegistro: 2025-11-17]
[19] [2025-11-17_15-20-19_161] [TRACE] [main.java.v1.DaoClienteV1.deleteById]: Eliminado cliente 13
[20] [2025-11-17_15-20-19_168] [TRACE] [main.java.v1.Main_PruebaCarga.main]: 
Borrando...
Existe el cliente 13? false
[21] [2025-11-17_15-20-19_174] [INFO] [main.java.v1.Main_PruebaCarga.main]: Clientes en prac2 antes de migracion: 12
[22] [2025-11-17_15-20-19_174] [TRACE] [main.java.v1.Main_PruebaCarga.main]: Creamos migrador con JDBC
[23] [2025-11-17_15-20-19_195] [INFO] [main.java.utils.DbSetup.crearTablaClientesMigrada]: Tabla clientesMigra creada correctamente
[24] [2025-11-17_15-20-19_209] [INFO] [main.java.utils.JdbcMigrator.migrarClientes]: [MIGRACION] clientes > COMPLETA(12/12 insertados, 0 errores) en 24 milisegundos.
[25] [2025-11-17_15-20-19_217] [INFO] [main.java.v1.Main_PruebaCarga.main]: Clientes en prac2migra después de migracion: 12
[1] [2025-11-17_15-22-22_510] [ERROR] [main.java.utils.DbSetup.borrarTabla]: No se pudo borrar la tabla clientes
[2] [2025-11-17_15-22-22_530] [INFO] [main.java.utils.DbSetup.borrarTablaMigrada]: Tabla clientesMigra eliminada correctamente.
[3] [2025-11-17_15-22-22_537] [ERROR] [main.java.utils.DbSetup.borrarTabla]: No se pudo borrar la tabla productos
[4] [2025-11-17_15-22-22_550] [INFO] [main.java.utils.DbSetup.borrarTablaMigrada]: Tabla productosMigra eliminada correctamente.
